2024-07-19T13:47:27.979Z info: HTTPS Server listening at https://localhost:3000
2024-07-19T13:47:48.458Z info: User logged in successfully: admin@gmail.com
2024-07-19T13:47:51.791Z info: User logged out
2024-07-19T14:01:58.780Z [info]: HTTPS Server listening at https://localhost:3000
2024-07-19T14:01:58.798Z [info]: Connected to the database.
2024-07-19T14:02:54.543Z [info]: HTTPS Server listening at https://localhost:3000
2024-07-19T14:02:54.553Z [info]: Connected to the database.
2024-07-19T14:03:41.143Z [info]: HTTPS Server listening at https://localhost:3000
2024-07-19T14:03:41.154Z [info]: Connected to the database.
2024-07-19T14:05:40.749Z [info]: HTTPS Server listening at https://localhost:3000
2024-07-19T14:05:40.759Z [info]: Connected to the database.
2024-07-19T14:07:34.598Z [info]: HTTPS Server listening at https://localhost:3000
2024-07-19T14:07:34.609Z [info]: Connected to the database.
2024-07-19T14:10:28.513Z [info]: HTTPS Server listening at https://localhost:3000
2024-07-19T14:10:28.523Z [info]: Connected to the database.
2024-07-19T14:11:00.714Z [info]: HTTPS Server listening at https://localhost:3000
2024-07-19T14:11:00.732Z [info]: Connected to the database.
2024-07-19T14:11:27.905Z [error]: Database query error: ER_NO_SUCH_TABLE: Table 'cssecdv.non_existing_table' doesn't exist
2024-07-20T05:49:20.861Z [info]: HTTPS Server listening at https://localhost:3000
2024-07-20T05:49:20.894Z [info]: Connected to the database.
2024-07-20T05:49:37.280Z [info]: User logged in successfully: alexiajanina@gmail.com
2024-07-20T05:49:50.397Z [info]: Received post data:
2024-07-20T05:50:25.829Z [info]: User logged out
2024-07-20T05:50:34.147Z [info]: User logged in successfully: alexiajanina@gmail.com
2024-07-20T05:51:05.044Z [info]: User logged out
2024-07-20T05:51:13.442Z [info]: User logged in successfully: janina.alexia@gmail.com
2024-07-20T05:52:02.213Z [info]: User logged out
2024-07-20T06:05:43.489Z [info]: User logged in successfully: janina.alexia@gmail.com
2024-07-20T06:05:50.594Z [info]: User logged out
2024-07-20T06:11:25.113Z [info]: HTTPS Server listening at https://localhost:3000
2024-07-20T06:11:25.127Z [info]: Connected to the database.
2024-07-20T06:11:48.316Z [info]: User logged in successfully: janina.alexia@gmail.com
2024-07-20T06:12:23.828Z [info]: User logged out
2024-07-20T06:12:48.183Z [info]: User logged in successfully: janina.alexia@gmail.com
2024-07-20T06:14:11.239Z [info]: Received post data:
2024-07-20T06:14:11.961Z [info]: Received post data:
2024-07-20T06:14:12.321Z [info]: Received post data:
2024-07-20T06:14:12.624Z [info]: Received post data:
2024-07-20T06:14:13.657Z [info]: Received post data:
2024-07-20T06:14:13.856Z [info]: Received post data:
2024-07-20T06:14:14.057Z [info]: Received post data:
2024-07-20T06:14:15.323Z [info]: Received post data:
2024-07-20T06:14:15.523Z [info]: Received post data:
2024-07-20T06:14:59.184Z [info]: Received post data:
2024-07-20T06:17:52.587Z [info]: User logged in successfully: alexiajanina@gmail.com
2024-07-20T06:21:26.326Z [info]: HTTPS Server listening at https://localhost:3000
2024-07-20T06:21:26.336Z [info]: Connected to the database.
2024-07-20T06:21:48.660Z [info]: User logged in successfully: janina.alexia@gmail.com
2024-07-20T06:23:25.648Z [info]: User logged out
2024-07-20T06:23:38.184Z [info]: User logged in successfully: alexiajanina@gmail.com
2024-07-20T06:24:00.948Z [info]: User logged out
2024-07-20T06:26:34.479Z [info]: HTTPS Server listening at https://localhost:3000
2024-07-20T06:26:34.491Z [info]: Connected to the database.
2024-07-20T06:26:46.069Z [info]: User logged in successfully: janina.alexia@gmail.com
2024-07-20T06:28:06.114Z [info]: Received post data:
2024-07-20T06:28:25.437Z [info]: Received post data:
2024-07-20T06:28:59.747Z [info]: Received post data:
2024-07-20T06:31:03.299Z [info]: User logged out
2024-07-20T06:31:11.498Z [info]: User logged in successfully: alexiajanina@gmail.com
2024-07-20T06:36:45.550Z [info]: HTTPS Server listening at https://localhost:3000
2024-07-20T06:36:45.561Z [info]: Connected to the database.
2024-07-20T06:36:54.880Z [info]: User logged in successfully: janina.alexia@gmail.com
2024-07-20T06:37:42.708Z [info]: User logged out
2024-07-20T06:38:37.524Z [info]: User logged in successfully: janina.alexia@gmail.com
2024-07-20T06:44:17.295Z [info]: User logged in successfully: janina.alexia@gmail.com
2024-07-20T06:44:55.825Z [info]: Received post data:
2024-07-20T06:54:13.062Z [info]: HTTPS Server listening at https://localhost:3000
2024-07-20T06:54:13.074Z [info]: Connected to the database.
2024-07-20T06:54:22.226Z [info]: User logged in successfully: alexiajanina@gmail.com
2024-07-20T06:54:59.827Z [info]: User logged out
2024-07-20T06:56:13.075Z [info]: User logged in successfully: janina.alexia@gmail.com
2024-07-20T06:56:22.377Z [info]: Received post data:
2024-07-20T06:56:59.844Z [info]: User logged out
2024-07-20T06:57:25.175Z [info]: User logged in successfully: alexiajanina@gmail.com
2024-07-20T07:05:34.383Z [info]: HTTPS Server listening at https://localhost:3000
2024-07-20T07:05:34.395Z [info]: Connected to the database.
2024-07-20T07:06:10.095Z [info]: User signed up successfully: roshan.aadelisse@gmail.com
2024-07-20T07:06:24.262Z [info]: User logged in successfully: roshan.aadelisse@gmail.com
2024-07-20T07:06:59.832Z [info]: User logged out
2024-07-20T07:38:55.427Z [info]: HTTPS Server listening at https://localhost:3000
2024-07-20T07:38:55.472Z [info]: Connected to the database.
2024-07-20T07:39:13.088Z [info]: authentication: User performed authentication action: Login error: Invalid email or password. You have 2 more attempts.
2024-07-20T07:39:21.735Z [info]: User logged in successfully: chanel@gmail.com
2024-07-20T07:39:25.497Z [info]: User logged out
2024-07-20T07:40:58.824Z [info]: HTTPS Server listening at https://localhost:3000
2024-07-20T07:40:58.835Z [info]: Connected to the database.
2024-07-20T07:41:11.868Z [info]: User logged in successfully: chanel@gmail.com
2024-07-20T07:41:18.746Z [info]: Received post data:
2024-07-20T07:41:18.767Z [info]: user: User performed action: Post created successfully
2024-07-20T07:49:16.759Z [info]: HTTPS Server listening at https://localhost:3000
2024-07-20T07:49:16.769Z [info]: Connected to the database.
2024-07-20T07:49:39.338Z [info]: User logged in successfully: chanel@gmail.com
2024-07-20T07:49:41.489Z [info]: authentication: User performed authentication action: Session check passed
2024-07-20T07:49:41.517Z [info]: admin: Admin performed action: Fetched and displayed posts
2024-07-20T07:49:50.632Z [info]: admin: Admin performed action: Sending post data: {"content":"hello pls lang","price":23,"quantity":4,"status":"Available"}
2024-07-20T07:49:50.650Z [info]: Received post data:
2024-07-20T07:49:50.659Z [info]: admin: Admin performed action: Post created successfully
2024-07-20T07:50:37.657Z [info]: User logged out
2024-07-20T08:02:18.618Z [info]: HTTPS Server listening at https://localhost:3000
2024-07-20T08:02:18.637Z [info]: Connected to the database.
2024-07-20T08:02:31.155Z [info]: User logged in successfully: chanel@gmail.com
2024-07-20T08:02:32.623Z [info]: authentication - undefined: User performed authentication action: Session check passed
2024-07-20T08:02:32.673Z [info]: transaction - undefined: User performed transaction action: Fetched and displayed posts
2024-07-20T08:02:38.335Z [info]: transaction - undefined: User performed transaction action: Sending post data: {"content":"ayoko na","price":12,"quantity":3,"status":"Available"}
2024-07-20T08:02:38.353Z [info]: Received post data:
2024-07-20T08:02:38.369Z [info]: transaction - undefined: User performed transaction action: Post created successfully
2024-07-20T08:05:19.542Z [info]: HTTPS Server listening at https://localhost:3000
2024-07-20T08:05:19.553Z [info]: Connected to the database.
2024-07-20T08:05:42.924Z [info]: User logged in successfully: admin@gmail.com
2024-07-20T08:05:43.970Z [info]: admin - admin@gmail.com: Admin performed action: Admin logged in
2024-07-20T08:06:34.632Z [info]: HTTPS Server listening at https://localhost:3000
2024-07-20T08:06:34.641Z [info]: Connected to the database.
2024-07-20T08:06:44.796Z [info]: User logged in successfully: admin@gmail.com
2024-07-20T08:06:45.702Z [info]: admin - admin@gmail.com: Admin performed action: Admin logged in
2024-07-20T08:09:31.740Z [info]: HTTPS Server listening at https://localhost:3000
2024-07-20T08:09:31.752Z [info]: Connected to the database.
2024-07-20T08:09:47.798Z [info]: User logged in successfully: admin@gmail.com
2024-07-20T08:09:49.001Z [info]: admin - admin@gmail.com: Admin performed action: Admin logged in
2024-07-20T08:12:03.424Z [info]: User logged in successfully: chanel@gmail.com
2024-07-20T08:12:04.551Z [info]: authentication - undefined: User performed authentication action: Session check passed
2024-07-20T08:12:04.575Z [info]: transaction - undefined: User performed transaction action: Fetched and displayed posts
2024-07-20T08:12:06.769Z [info]: User logged out
2024-07-20T08:12:58.330Z [info]: User logged in successfully: admin@gmail.com
2024-07-20T08:12:59.130Z [info]: admin - admin@gmail.com: Admin performed action: Admin logged in
2024-07-20T08:12:59.317Z [info]: authentication - undefined: User performed authentication action: Session check passed
2024-07-20T08:12:59.350Z [info]: transaction - undefined: User performed transaction action: Fetched and displayed posts
2024-07-20T08:14:22.961Z [info]: HTTPS Server listening at https://localhost:3000
2024-07-20T08:14:22.972Z [info]: Connected to the database.
2024-07-20T08:14:35.092Z [info]: User logged in successfully: admin@gmail.com
2024-07-20T08:14:36.078Z [info]: admin - admin@gmail.com: Admin performed action: Admin logged in
2024-07-20T08:14:36.271Z [info]: authentication - undefined: User performed authentication action: Session check passed
2024-07-20T08:14:36.300Z [info]: admin - undefined: Admin performed action: Fetched and displayed posts
2024-07-20T08:14:48.596Z [info]: Received post data:
2024-07-20T08:14:48.608Z [info]: admin - undefined: Admin performed action: Post created successfully
2024-07-20T08:14:55.254Z [info]: admin - undefined: Admin performed action: Post deleted successfully
2024-07-20T08:14:55.898Z [info]: admin - undefined: Admin performed action: Post deleted successfully
2024-07-20T08:15:01.998Z [info]: User logged out
2024-07-20T08:21:13.020Z [info]: User logged in successfully: admin@gmail.com
2024-07-20T08:21:13.905Z [info]: admin - admin@gmail.com: Admin performed action: Admin logged in
2024-07-20T08:21:14.139Z [info]: authentication - undefined: User performed authentication action: Session check passed
2024-07-20T08:21:14.162Z [info]: admin - undefined: Admin performed action: Fetched and displayed posts
2024-07-20T08:21:17.216Z [info]: admin - undefined: Admin performed action: Post deleted successfully
2024-07-20T08:21:18.241Z [info]: admin - undefined: Admin performed action: Post deleted successfully
2024-07-20T08:21:24.322Z [info]: Received post data:
2024-07-20T08:21:24.341Z [info]: admin - undefined: Admin performed action: Post created successfully
2024-07-20T08:26:21.717Z [info]: User logged in successfully: admin@gmail.com
2024-07-20T08:26:22.904Z [info]: admin - admin@gmail.com: Admin performed action: Admin logged in
2024-07-20T08:30:53.003Z [info]: User logged in successfully: admin@gmail.com
2024-07-20T08:30:53.824Z [info]: admin - admin@gmail.com: Admin performed action: Admin logged in
2024-07-20T08:30:54.010Z [info]: authentication - undefined: User performed authentication action: Session check passed
2024-07-20T08:30:54.068Z [info]: admin - undefined: Admin performed action: Fetched and displayed posts
2024-07-20T08:30:59.754Z [info]: admin - undefined: Admin performed action: Post deleted successfully
2024-07-20T08:31:03.824Z [info]: Received post data:
2024-07-20T08:31:03.846Z [info]: admin - undefined: Admin performed action: Post created successfully
2024-07-20T08:32:17.082Z [info]: User logged in successfully: admin@gmail.com
2024-07-20T08:32:18.084Z [info]: admin - admin@gmail.com: Admin performed action: Admin logged in
2024-07-20T08:32:18.271Z [info]: authentication - undefined: User performed authentication action: Session check passed
2024-07-20T08:32:18.299Z [info]: admin - undefined: Admin performed action: Fetched and displayed posts
2024-07-20T08:32:20.597Z [info]: admin - undefined: Admin performed action: Post deleted successfully
2024-07-20T08:32:26.322Z [info]: Received post data:
2024-07-20T08:32:26.331Z [info]: admin - undefined: Admin performed action: Post created successfully
2024-07-20T08:32:32.967Z [info]: admin - undefined: Admin performed action: Post deleted successfully
2024-07-20T08:32:39.984Z [info]: Received post data:
2024-07-20T08:32:39.992Z [info]: admin - undefined: Admin performed action: Post created successfully
2024-07-20T08:36:45.252Z [info]: User logged in successfully: admin@gmail.com
2024-07-20T08:36:46.280Z [info]: admin - admin@gmail.com: Admin performed action: Admin logged in
2024-07-20T08:36:46.782Z [info]: authentication - undefined: User performed authentication action: Session check passed
2024-07-20T08:36:46.887Z [info]: admin - undefined: Admin performed action: Error fetching posts
2024-07-20T08:36:49.263Z [info]: admin - undefined: Admin performed action: Post deleted successfully
2024-07-20T08:38:41.126Z [info]: User logged in successfully: admin@gmail.com
2024-07-20T08:38:42.143Z [info]: admin - admin@gmail.com: Admin performed action: Admin logged in
2024-07-20T08:38:42.563Z [info]: authentication - undefined: User performed authentication action: Session check passed
2024-07-20T08:38:42.773Z [info]: admin - undefined: Admin performed action: Error fetching posts
2024-07-20T08:38:45.564Z [info]: Received post data:
2024-07-20T08:38:45.585Z [info]: admin - undefined: Admin performed action: Post created successfully
2024-07-20T08:39:15.185Z [info]: authentication - undefined: User performed authentication action: Session check passed
2024-07-20T08:39:15.306Z [info]: admin - undefined: Admin performed action: Error fetching posts
2024-07-20T08:39:17.386Z [info]: admin - undefined: Admin performed action: Post deleted successfully
2024-07-20T08:39:40.064Z [info]: authentication - undefined: User performed authentication action: Session check passed
2024-07-20T08:39:40.315Z [info]: admin - undefined: Admin performed action: Fetched and displayed posts
2024-07-20T08:39:42.815Z [info]: Received post data:
2024-07-20T08:39:42.835Z [info]: admin - undefined: Admin performed action: Post created successfully
2024-07-20T08:40:09.860Z [info]: HTTPS Server listening at https://localhost:3000
2024-07-20T08:40:09.871Z [info]: Connected to the database.
2024-07-20T08:40:23.256Z [info]: User logged in successfully: admin@gmail.com
2024-07-20T08:40:24.029Z [info]: admin - admin@gmail.com: Admin performed action: Admin logged in
2024-07-20T08:40:24.504Z [info]: authentication - undefined: User performed authentication action: Session check passed
2024-07-20T08:40:24.680Z [info]: admin - undefined: Admin performed action: Fetched and displayed posts
2024-07-20T08:40:27.140Z [info]: admin - undefined: Admin performed action: Post deleted successfully
2024-07-20T08:52:07.784Z [info]: HTTPS Server listening at https://localhost:3000
2024-07-20T08:52:07.802Z [info]: Connected to the database.
2024-07-20T08:52:19.225Z [info]: User logged in successfully: admin@gmail.com
2024-07-20T08:52:20.640Z [info]: authentication - undefined: User performed authentication action: Session check passed
2024-07-20T08:52:20.808Z [info]: admin - undefined: Admin performed action: Fetched and displayed posts
2024-07-20T08:52:26.782Z [info]: Post created by admin
2024-07-20T08:52:26.791Z [info]: admin - undefined: Admin performed action: Post created successfully
2024-07-20T08:53:44.602Z [info]: User logged in successfully: admin@gmail.com
2024-07-20T08:53:46.024Z [info]: authentication - admin@gmail.com: User performed authentication action: Session check passed
2024-07-20T08:53:46.219Z [info]: admin - admin@gmail.com: Admin performed action: Fetched and displayed posts
2024-07-20T08:53:48.164Z [info]: admin - admin@gmail.com: Admin performed action: Post deleted successfully
2024-07-20T11:18:38.232Z [info]: HTTPS Server listening at https://localhost:3000
2024-07-20T11:18:38.251Z [info]: Connected to the database.
2024-07-20T11:19:19.803Z [info]: User logged in successfully: chanel@gmail.com
2024-07-20T11:19:21.057Z [info]: authentication - undefined: User performed authentication action: Session check passed
2024-07-20T11:22:08.651Z [info]: HTTPS Server listening at https://localhost:3000
2024-07-20T11:22:08.662Z [info]: Connected to the database.
2024-07-20T11:22:20.225Z [info]: User logged in successfully: chanel@gmail.com
2024-07-20T11:22:21.575Z [info]: authentication - chanel@gmail.com: User performed authentication action: Session check passed
2024-07-20T11:22:21.610Z [info]: transaction - chanel@gmail.com: User performed transaction action: Fetched and displayed posts
2024-07-20T11:22:34.949Z [info]: transaction - chanel@gmail.com: User performed transaction action: Sending post data: {"content":"hello","price":123,"quantity":2,"status":"Available"}
2024-07-20T11:22:34.975Z [info]: Post created by chanel
2024-07-20T11:22:34.982Z [info]: transaction - chanel@gmail.com: User performed transaction action: Post created successfully
2024-07-20T11:23:19.177Z [info]: User logged out
2024-07-20T11:23:31.532Z [info]: User logged in successfully: chanel@gmail.com
2024-07-20T11:23:32.711Z [info]: authentication - chanel@gmail.com: User performed authentication action: Session check passed
2024-07-20T11:23:32.733Z [info]: transaction - chanel@gmail.com: User performed transaction action: Fetched and displayed posts
2024-07-20T11:24:03.295Z [info]: transaction - chanel@gmail.com: User performed transaction action: Post status updated to Sold
2024-07-20T11:24:10.727Z [info]: User logged out
2024-07-20T11:27:30.635Z [info]: User logged in successfully: chanel@gmail.com
2024-07-20T11:27:31.979Z [info]: authentication - undefined: User performed authentication action: Session check passed
2024-07-20T11:27:32.049Z [info]: transaction - undefined: User performed transaction action: Fetched and displayed posts
2024-07-20T11:28:37.571Z [info]: HTTPS Server listening at https://localhost:3000
2024-07-20T11:28:37.582Z [info]: Connected to the database.
2024-07-20T11:28:50.957Z [info]: User logged in successfully: chanel@gmail.com
2024-07-20T11:28:52.193Z [info]: authentication - undefined: User performed authentication action: Session check passed
2024-07-20T11:28:52.221Z [error]: Database query error: ER_BAD_FIELD_ERROR: Unknown column 'user.email' in 'field list'
2024-07-20T11:28:52.232Z [info]: transaction - null: User performed transaction action: Error fetching posts
2024-07-20T11:30:51.937Z [info]: HTTPS Server listening at https://localhost:3000
2024-07-20T11:30:51.947Z [info]: Connected to the database.
2024-07-20T11:31:10.565Z [info]: User logged in successfully: chanel@gmail.com
2024-07-20T11:31:11.889Z [info]: authentication - undefined: User performed authentication action: Session check passed
2024-07-20T11:31:11.943Z [info]: transaction - undefined: User performed transaction action: Fetched and displayed posts
2024-07-20T11:35:25.299Z [info]: HTTPS Server listening at https://localhost:3000
2024-07-20T11:35:25.310Z [info]: Connected to the database.
2024-07-20T11:35:38.686Z [info]: User logged in successfully: chanel@gmail.com
2024-07-20T11:35:39.921Z [info]: authentication - undefined: User performed authentication action: Session check passed
2024-07-20T11:35:40.005Z [info]: transaction - undefined: User performed transaction action: Fetched and displayed posts
2024-07-20T11:37:30.355Z [info]: User logged in successfully: chanel@gmail.com
2024-07-20T11:37:31.419Z [info]: authentication - undefined: User performed authentication action: Session check passed
2024-07-20T11:37:31.489Z [info]: transaction - undefined: User performed transaction action: Fetched and displayed posts
2024-07-20T11:38:30.896Z [info]: HTTPS Server listening at https://localhost:3000
2024-07-20T11:38:30.907Z [info]: Connected to the database.
2024-07-20T11:38:46.080Z [info]: User logged in successfully: chanel@gmail.com
2024-07-20T11:38:47.211Z [info]: authentication - undefined: User performed authentication action: Session check passed
2024-07-20T11:38:47.316Z [info]: transaction - undefined: User performed transaction action: Fetched and displayed posts
2024-07-20T11:41:20.380Z [info]: HTTPS Server listening at https://localhost:3000
2024-07-20T11:41:20.390Z [info]: Connected to the database.
2024-07-20T11:41:34.174Z [info]: User logged in successfully: chanel@gmail.com
2024-07-20T11:41:35.183Z [info]: authentication - chanel@gmail.com: User performed authentication action: Session check passed
2024-07-20T11:41:35.305Z [info]: transaction - chanel@gmail.com: User performed transaction action: Fetched and displayed posts
2024-07-20T11:41:38.467Z [info]: transaction - chanel@gmail.com: User performed transaction action: Post status updated to Available
2024-07-20T11:41:45.202Z [info]: transaction - chanel@gmail.com: User performed transaction action: Post status updated to Sold
2024-07-20T11:43:19.679Z [info]: HTTPS Server listening at https://localhost:3000
2024-07-20T11:43:19.691Z [info]: Connected to the database.
2024-07-20T11:43:32.627Z [info]: User logged in successfully: admin@gmail.com
2024-07-20T11:43:33.739Z [info]: authentication - admin@gmail.com: User performed authentication action: Session check passed
2024-07-20T11:43:33.861Z [info]: transaction - null: User performed transaction action: Error fetching posts
2024-07-20T11:46:19.331Z [info]: HTTPS Server listening at https://localhost:3000
2024-07-20T11:46:19.342Z [info]: Connected to the database.
2024-07-20T11:46:31.087Z [info]: User logged in successfully: admin@gmail.com
2024-07-20T11:46:32.320Z [info]: authentication - admin@gmail.com: User performed authentication action: Session check passed
2024-07-20T11:46:32.381Z [info]: transaction - admin@gmail.com: User performed transaction action: Fetched and displayed posts
2024-07-20T11:46:41.532Z [info]: Post created by admin
2024-07-20T11:46:41.539Z [info]: admin - admin@gmail.com: Admin performed action: Post created successfully
2024-07-20T11:46:44.040Z [info]: admin - admin@gmail.com: Admin performed action: Post deleted successfully
2024-07-20T11:46:52.774Z [info]: Post created by admin
2024-07-20T11:46:52.786Z [info]: admin - admin@gmail.com: Admin performed action: Post created successfully
2024-07-20T11:48:45.757Z [info]: HTTPS Server listening at https://localhost:3000
2024-07-20T11:48:45.774Z [info]: Connected to the database.
2024-07-20T11:49:47.272Z [info]: User logged in successfully: admin@gmail.com
2024-07-20T11:49:48.419Z [info]: authentication - admin@gmail.com: User performed authentication action: Session check passed
2024-07-20T11:49:48.509Z [info]: transaction - admin@gmail.com: User performed transaction action: Fetched and displayed posts
2024-07-20T11:49:50.936Z [info]: admin - admin@gmail.com: Admin performed action: Post deleted successfully
2024-07-20T11:49:54.565Z [info]: Post created by admin
2024-07-20T11:49:54.572Z [info]: admin - admin@gmail.com: Admin performed action: Post created successfully
2024-07-20T11:50:37.861Z [info]: HTTPS Server listening at https://localhost:3000
2024-07-20T11:50:37.873Z [info]: Connected to the database.
2024-07-20T11:50:50.589Z [info]: User logged in successfully: admin@gmail.com
2024-07-20T11:50:51.539Z [info]: authentication - admin@gmail.com: User performed authentication action: Session check passed
2024-07-20T11:50:51.637Z [info]: transaction - admin@gmail.com: User performed transaction action: Fetched and displayed posts
2024-07-20T11:50:56.525Z [info]: admin - admin@gmail.com: Admin performed action: Post deleted successfully
2024-07-20T11:50:59.949Z [info]: Post created by admin
2024-07-20T11:50:59.960Z [info]: admin - admin@gmail.com: Admin performed action: Post created successfully
2024-07-20T11:53:07.804Z [info]: HTTPS Server listening at https://localhost:3000
2024-07-20T11:53:07.817Z [info]: Connected to the database.
2024-07-20T11:53:20.281Z [info]: User logged in successfully: admin@gmail.com
2024-07-20T11:53:21.394Z [info]: authentication - admin@gmail.com: User performed authentication action: Session check passed
2024-07-20T11:53:21.437Z [info]: transaction - admin@gmail.com: User performed transaction action: Fetched and displayed posts
2024-07-20T11:53:23.694Z [info]: admin - admin@gmail.com: Admin performed action: Post deleted successfully
2024-07-20T11:53:26.909Z [info]: Post created by admin
2024-07-20T11:53:26.918Z [info]: admin - admin@gmail.com: Admin performed action: Post created successfully
2024-07-20T11:53:30.914Z [info]: transaction - admin@gmail.com: User performed transaction action: Post status updated to Sold
2024-07-20T11:53:39.212Z [info]: admin - admin@gmail.com: Admin performed action: Post deleted successfully
2024-07-20T11:53:42.598Z [info]: User logged out
2024-07-20T16:00:51.480Z [info]: HTTPS Server listening at https://localhost:3000
2024-07-20T16:00:51.497Z [info]: Connected to the database.
2024-07-21T05:43:30.067Z [info]: HTTPS Server listening at https://localhost:3000
2024-07-21T05:43:30.079Z [info]: Connected to the database.
2024-07-21T05:44:08.279Z [info]: User logged in successfully: chanel@gmail.com
2024-07-21T05:44:09.505Z [info]: authentication - chanel@gmail.com: User performed authentication action: Session check passed
2024-07-21T05:44:09.559Z [info]: transaction - chanel@gmail.com: User performed transaction action: Fetched and displayed posts
2024-07-21T05:45:47.793Z [info]: authentication - chanel@gmail.com: User performed authentication action: Session check passed
2024-07-21T05:45:47.837Z [info]: transaction - chanel@gmail.com: User performed transaction action: Fetched and displayed posts
2024-07-21T05:47:06.762Z [error]: Database query error: WARN_DATA_TRUNCATED: Data truncated for column 'status' at row 1
2024-07-21T05:47:36.385Z [error]: Database query error: WARN_DATA_TRUNCATED: Data truncated for column 'status' at row 1
2024-07-21T06:10:05.539Z [info]: HTTPS Server listening at https://localhost:3000
2024-07-21T06:10:05.552Z [info]: Connected to the database.
2024-07-21T06:50:04.234Z [info]: HTTPS Server listening at https://localhost:3000
2024-07-21T06:50:04.246Z [info]: Connected to the database.
2024-07-21T06:51:01.818Z [info]: User logged in successfully: chanel@gmail.com
2024-07-21T06:51:03.073Z [info]: authentication - chanel@gmail.com: User performed authentication action: User logged in successfully
2024-07-21T07:01:02.089Z [info]: HTTPS Server listening at https://localhost:3000
2024-07-21T07:01:02.098Z [info]: Connected to the database.
2024-07-21T07:01:53.992Z [info]: User logged in successfully: chanel@gmail.com
2024-07-21T07:01:55.264Z [info]: authentication - chanel@gmail.com: User performed authentication action: Session check passed
2024-07-21T07:01:55.304Z [info]: transaction - chanel@gmail.com: User performed transaction action: Fetched and displayed posts
2024-07-21T07:02:00.411Z [info]: User logged out
2024-07-21T07:05:31.012Z [info]: HTTPS Server listening at https://localhost:3000
2024-07-21T07:05:31.021Z [info]: Connected to the database.
2024-07-21T07:06:10.722Z [info]: User logged in successfully: chanel@gmail.com
2024-07-21T07:06:12.229Z [info]: authentication - chanel@gmail.com: User performed authentication action: Session check passed
2024-07-21T07:06:12.272Z [info]: transaction - chanel@gmail.com: User performed transaction action: Fetched and displayed posts
2024-07-21T07:06:16.369Z [info]: authentication - chanel@gmail.com: User performed authentication action: Logout error
2024-07-21T07:10:02.034Z [info]: HTTPS Server listening at https://localhost:3000
2024-07-21T07:10:02.046Z [info]: Connected to the database.
2024-07-21T07:10:16.256Z [info]: User logged in successfully: admin@gmail.com
2024-07-21T07:10:17.691Z [info]: authentication - admin@gmail.com: User performed authentication action: Session check passed
2024-07-21T07:10:17.729Z [info]: admin - admin@gmail.com: Admin performed action: Fetched and displayed posts
2024-07-21T07:10:19.254Z [info]: User logged out: undefined
2024-07-21T07:13:17.490Z [info]: HTTPS Server listening at https://localhost:3000
2024-07-21T07:13:17.503Z [info]: Connected to the database.
2024-07-21T07:13:27.639Z [info]: User logged in successfully: admin@gmail.com
2024-07-21T07:13:28.946Z [info]: authentication - admin@gmail.com: User performed authentication action: Session check passed
2024-07-21T07:13:29.019Z [info]: admin - admin@gmail.com: Admin performed action: Fetched and displayed posts
2024-07-21T07:13:30.363Z [info]: User logged out: undefined
2024-07-21T07:14:22.751Z [info]: HTTPS Server listening at https://localhost:3000
2024-07-21T07:14:22.761Z [info]: Connected to the database.
2024-07-21T07:14:35.094Z [info]: User logged in successfully: admin@gmail.com
2024-07-21T07:14:36.334Z [info]: authentication - admin@gmail.com: User performed authentication action: Session check passed
2024-07-21T07:14:36.370Z [info]: admin - admin@gmail.com: Admin performed action: Fetched and displayed posts
2024-07-21T07:14:38.057Z [info]: User logged out: undefined
2024-07-21T07:15:54.709Z [info]: HTTPS Server listening at https://localhost:3000
2024-07-21T07:15:54.720Z [info]: Connected to the database.
2024-07-21T07:16:04.365Z [info]: User logged in successfully: admin@gmail.com
2024-07-21T07:16:05.628Z [info]: authentication - admin@gmail.com: User performed authentication action: Session check passed
2024-07-21T07:16:05.693Z [info]: admin - admin@gmail.com: Admin performed action: Fetched and displayed posts
2024-07-21T07:16:06.728Z [info]: User logged out: admin@gmail.com
2024-07-21T07:17:36.783Z [info]: HTTPS Server listening at https://localhost:3000
2024-07-21T07:17:36.792Z [info]: Connected to the database.
2024-07-21T07:19:46.949Z [info]: HTTPS Server listening at https://localhost:3000
2024-07-21T07:19:46.960Z [info]: Connected to the database.
2024-07-21T07:19:56.087Z [info]: User logged in successfully: admin@gmail.com
2024-07-21T07:19:57.489Z [info]: authentication - undefined: User performed authentication action: Session check passed
2024-07-21T07:22:59.159Z [info]: HTTPS Server listening at https://localhost:3000
2024-07-21T07:22:59.172Z [info]: Connected to the database.
2024-07-21T07:23:12.997Z [info]: User logged in successfully: chanel@gmail.com
2024-07-21T07:23:14.155Z [info]: authentication - undefined: User performed authentication action: Session check passed
2024-07-21T07:23:14.255Z [info]: transaction - chanel@gmail.com: User performed transaction action: Fetched and displayed posts
2024-07-21T07:23:17.819Z [info]: transaction - chanel@gmail.com: User performed transaction action: Post status updated to Sold
2024-07-21T07:29:56.344Z [info]: HTTPS Server listening at https://localhost:3000
2024-07-21T07:29:56.359Z [info]: Connected to the database.
2024-07-21T07:30:20.628Z [info]: User logged in successfully: chanel@gmail.com
2024-07-21T07:30:21.764Z [info]: authentication - undefined: User performed authentication action: Session check passed
2024-07-21T07:30:21.802Z [info]: transaction - chanel@gmail.com: User performed transaction action: Fetched and displayed posts
2024-07-21T07:30:23.444Z [info]: User logged out: chanel@gmail.com
2024-08-06T16:59:57.562Z [info]: HTTPS Server listening at https://localhost:3000
2024-08-06T16:59:57.580Z [info]: Connected to the database.
2024-08-06T17:01:30.403Z [info]: HTTPS Server listening at https://localhost:3000
2024-08-06T17:01:30.417Z [info]: Connected to the database.
2024-08-06T17:05:08.253Z [info]: HTTPS Server listening at https://localhost:3000
2024-08-06T17:05:08.267Z [info]: Connected to the database.
2024-08-06T17:07:14.648Z [info]: HTTPS Server listening at https://localhost:3000
2024-08-06T17:07:14.666Z [info]: Connected to the database.
2024-08-06T19:16:36.790Z [info]: HTTPS Server listening at https://localhost:3000
2024-08-06T19:16:36.901Z [info]: Connected to the database.
2024-08-06T19:17:21.400Z [info]: User signed up successfully: janina_bongon@dlsu.edu.ph
2024-08-06T19:17:22.288Z [info]: authentication - janina_bongon@dlsu.edu.ph: User performed authentication action: User signed up successfully
2024-08-06T19:17:25.353Z [info]: User logged in successfully: janina_bongon@dlsu.edu.ph
2024-08-06T19:17:26.392Z [info]: authentication - janina_bongon@dlsu.edu.ph: User performed authentication action: User logged in successfully
2024-08-06T19:17:26.468Z [info]: authentication - undefined: User performed authentication action: Session check passed
2024-08-06T19:17:26.478Z [info]: transaction - janina_bongon@dlsu.edu.ph: User performed transaction action: Fetched and displayed posts
2024-08-07T05:44:14.547Z [info]: HTTPS Server listening at https://localhost:3000
2024-08-07T05:44:14.563Z [info]: Connected to the database.
2024-08-07T05:47:03.996Z [info]: HTTPS Server listening at https://localhost:3000
2024-08-07T05:47:04.012Z [info]: Connected to the database.
2024-08-07T05:47:12.481Z [info]: User logged in successfully: janina_bongon@dlsu.edu.ph
2024-08-07T05:47:13.732Z [info]: authentication - janina_bongon@dlsu.edu.ph: User performed authentication action: User logged in successfully
2024-08-07T05:47:13.917Z [info]: authentication - undefined: User performed authentication action: Session check passed
2024-08-07T05:47:13.949Z [info]: transaction - janina_bongon@dlsu.edu.ph: User performed transaction action: Fetched and displayed posts
2024-08-07T05:49:16.360Z [warn]: Session timed out
2024-08-07T05:49:17.864Z [info]: authentication - janina_bongon@dlsu.edu.ph: User performed authentication action: Session timed out
2024-08-07T06:31:38.520Z [info]: HTTPS Server listening at https://localhost:3000
2024-08-07T06:31:38.534Z [info]: Connected to the database.
2024-08-07T06:31:43.605Z [info]: User logged in successfully: janina_bongon@dlsu.edu.ph
2024-08-07T06:31:44.703Z [info]: authentication - janina_bongon@dlsu.edu.ph: User performed authentication action: User logged in successfully
2024-08-07T06:31:44.842Z [info]: authentication - undefined: User performed authentication action: Session check passed
2024-08-07T06:31:44.864Z [info]: transaction - janina_bongon@dlsu.edu.ph: User performed transaction action: Fetched and displayed posts
2024-08-07T06:32:16.855Z [info]: User logged out: janina_bongon@dlsu.edu.ph
2024-08-07T06:32:17.787Z [info]: authentication - janina_bongon@dlsu.edu.ph: User performed authentication action: User logged out successfully
2024-08-07T06:35:58.639Z [info]: HTTPS Server listening at https://localhost:3000
2024-08-07T06:35:58.651Z [info]: Connected to the database.
2024-08-07T06:36:07.603Z [info]: User logged in successfully: janina_bongon@dlsu.edu.ph
2024-08-07T06:36:08.564Z [info]: authentication - janina_bongon@dlsu.edu.ph: User performed authentication action: User logged in successfully
2024-08-07T06:36:08.680Z [info]: authentication - undefined: User performed authentication action: Session check passed
2024-08-07T06:36:08.693Z [info]: transaction - janina_bongon@dlsu.edu.ph: User performed transaction action: Fetched and displayed posts
2024-08-07T06:40:14.187Z [info]: HTTPS Server listening at https://localhost:3000
2024-08-07T06:40:14.198Z [info]: Connected to the database.
2024-08-07T06:40:24.288Z [info]: Renewed session from b9f3226429db04739da3db9b286c9da7 to 6a6b384e15b7c941726960933fa46920
2024-08-07T06:40:24.292Z [info]: User logged in successfully: janina_bongon@dlsu.edu.ph
2024-08-07T06:40:25.134Z [info]: authentication - janina_bongon@dlsu.edu.ph: User performed authentication action: User logged in successfully
2024-08-07T06:40:25.283Z [info]: authentication - undefined: User performed authentication action: Session check passed
2024-08-07T06:40:25.434Z [info]: transaction - janina_bongon@dlsu.edu.ph: User performed transaction action: Fetched and displayed posts
2024-08-07T06:48:05.747Z [info]: HTTPS Server listening at https://localhost:3000
2024-08-07T06:48:05.759Z [info]: Connected to the database.
2024-08-07T06:48:14.257Z [info]: Renewed session from 9f0a464cf3bc3b346dbaa3241a69971a to 3c720b43f30ca60b513bb5086e7955e8
2024-08-07T06:48:14.264Z [info]: User logged in successfully: janina_bongon@dlsu.edu.ph
2024-08-07T06:48:15.437Z [info]: authentication - janina_bongon@dlsu.edu.ph: User performed authentication action: User logged in successfully
2024-08-07T06:48:15.612Z [info]: authentication - undefined: User performed authentication action: Session check passed
2024-08-07T06:48:15.651Z [info]: transaction - janina_bongon@dlsu.edu.ph: User performed transaction action: Fetched and displayed posts
2024-08-07T06:48:32.719Z [info]: transaction - undefined: User performed transaction action: Sending post data: {"content":"Heeseung Specs","price":1000,"quantity":1,"status":"Available"}
2024-08-07T06:48:32.742Z [info]: Post created by Janina Alexia Bongon
2024-08-07T06:48:32.748Z [info]: transaction - undefined: User performed transaction action: Post created successfully
2024-08-07T06:49:16.387Z [info]: User logged out: janina_bongon@dlsu.edu.ph
2024-08-07T06:49:17.757Z [info]: authentication - janina_bongon@dlsu.edu.ph: User performed authentication action: User logged out successfully
2024-08-07T06:49:30.299Z [info]: User signed up successfully: janina.alexia@gmail.com
2024-08-07T06:49:31.853Z [info]: authentication - janina.alexia@gmail.com: User performed authentication action: User signed up successfully
2024-08-07T06:50:10.628Z [info]: Renewed session from a19712bf9d6bc5ddea780184fe6103eb to 48bc85c98f9ed42822aa5e9c7c973dc7
2024-08-07T06:50:10.631Z [info]: User logged in successfully: janina.alexia@gmail.com
2024-08-07T06:50:11.580Z [info]: authentication - janina.alexia@gmail.com: User performed authentication action: User logged in successfully
2024-08-07T06:50:11.581Z [info]: admin - janina.alexia@gmail.com: Admin performed action: Admin logged in
2024-08-07T06:50:11.690Z [info]: authentication - undefined: User performed authentication action: Session check passed
2024-08-07T06:50:54.976Z [info]: User logged out: janina.alexia@gmail.com
2024-08-07T06:50:56.713Z [info]: authentication - janina.alexia@gmail.com: User performed authentication action: User logged out successfully
2024-08-07T06:51:04.284Z [info]: Renewed session from eb294d87d11f05af2891ab8bcbcb226c to b9853b05175c190c76d7aeb40b13bc84
2024-08-07T06:51:04.287Z [info]: User logged in successfully: janina_bongon@dlsu.edu.ph
2024-08-07T06:51:05.262Z [info]: authentication - janina_bongon@dlsu.edu.ph: User performed authentication action: User logged in successfully
2024-08-07T06:51:05.352Z [info]: authentication - undefined: User performed authentication action: Session check passed
2024-08-07T06:51:05.374Z [info]: transaction - janina_bongon@dlsu.edu.ph: User performed transaction action: Fetched and displayed posts
2024-08-07T06:51:33.603Z [info]: transaction - janina_bongon@dlsu.edu.ph: User performed transaction action: Post status updated to Sold
2024-08-07T06:51:34.681Z [info]: transaction - janina_bongon@dlsu.edu.ph: User performed transaction action: Post status updated to Available
2024-08-07T06:51:41.450Z [info]: User logged out: janina_bongon@dlsu.edu.ph
2024-08-07T06:51:42.479Z [info]: authentication - janina_bongon@dlsu.edu.ph: User performed authentication action: User logged out successfully
2024-08-07T06:53:12.486Z [info]: Renewed session from 5779cfd96bd54e95b3036a5fcef19e99 to f2e67ddae485a73e7795d58bef044276
2024-08-07T06:53:12.490Z [info]: User logged in successfully: janina_bongon@dlsu.edu.ph
2024-08-07T06:53:13.597Z [info]: authentication - janina_bongon@dlsu.edu.ph: User performed authentication action: User logged in successfully
2024-08-07T06:53:13.735Z [info]: authentication - undefined: User performed authentication action: Session check passed
2024-08-07T06:53:13.892Z [info]: transaction - janina_bongon@dlsu.edu.ph: User performed transaction action: Fetched and displayed posts
2024-08-07T06:53:21.020Z [info]: User logged out: janina_bongon@dlsu.edu.ph
2024-08-07T06:53:22.181Z [info]: authentication - janina_bongon@dlsu.edu.ph: User performed authentication action: User logged out successfully
2024-08-07T07:00:52.973Z [info]: Renewed session from 52a48dc1b0234ea22ad5c4f5788d5f31 to 6c63cc95be61043cab64d6674b662ce6
2024-08-07T07:00:52.976Z [info]: User logged in successfully: janina.alexia@gmail.com
2024-08-07T07:00:53.882Z [info]: authentication - janina.alexia@gmail.com: User performed authentication action: User logged in successfully
2024-08-07T07:00:53.883Z [info]: admin - janina.alexia@gmail.com: Admin performed action: Admin logged in
2024-08-07T07:00:54.086Z [info]: authentication - undefined: User performed authentication action: Session check passed
2024-08-07T07:00:57.618Z [info]: authentication - undefined: User performed authentication action: Session check passed
2024-08-07T07:01:00.728Z [info]: User logged out: janina.alexia@gmail.com
2024-08-07T07:01:01.538Z [info]: authentication - janina.alexia@gmail.com: User performed authentication action: User logged out successfully
2024-08-07T07:01:04.433Z [info]: Renewed session from 02cab172b4f03e46a0b0412859e2cf2c to d8e5c7eb766ac14677ce101b20e2b7d3
2024-08-07T07:01:04.436Z [info]: User logged in successfully: janina_bongon@dlsu.edu.ph
2024-08-07T07:01:05.729Z [info]: authentication - janina_bongon@dlsu.edu.ph: User performed authentication action: User logged in successfully
2024-08-07T07:01:05.828Z [info]: authentication - undefined: User performed authentication action: Session check passed
2024-08-07T07:01:05.864Z [info]: transaction - janina_bongon@dlsu.edu.ph: User performed transaction action: Fetched and displayed posts
2024-08-07T07:01:09.140Z [info]: transaction - janina_bongon@dlsu.edu.ph: User performed transaction action: Post status updated to Sold
2024-08-07T07:01:11.143Z [info]: transaction - janina_bongon@dlsu.edu.ph: User performed transaction action: Post status updated to Available
2024-08-07T07:01:12.362Z [info]: transaction - janina_bongon@dlsu.edu.ph: User performed transaction action: Post status updated to Sold
2024-08-07T07:01:15.391Z [info]: authentication - undefined: User performed authentication action: Session check passed
2024-08-07T07:01:15.572Z [info]: transaction - janina_bongon@dlsu.edu.ph: User performed transaction action: Fetched and displayed posts
2024-08-07T07:01:17.509Z [info]: authentication - undefined: User performed authentication action: Session check passed
2024-08-07T07:01:17.864Z [info]: transaction - janina_bongon@dlsu.edu.ph: User performed transaction action: Fetched and displayed posts
2024-08-07T07:01:18.951Z [info]: transaction - janina_bongon@dlsu.edu.ph: User performed transaction action: Post status updated to Available
2024-08-07T07:01:51.274Z [info]: User logged out: janina_bongon@dlsu.edu.ph
2024-08-07T07:01:51.277Z [info]: authentication - janina_bongon@dlsu.edu.ph: User performed authentication action: Session timed out
2024-08-07T07:03:33.002Z [info]: Renewed session from aff54e782de279dab8049f3b9b47203b to 35cd56c47d8d924e8944a81700db03d1
2024-08-07T07:03:33.005Z [info]: User logged in successfully: janina_bongon@dlsu.edu.ph
2024-08-07T07:03:33.979Z [info]: authentication - janina_bongon@dlsu.edu.ph: User performed authentication action: User logged in successfully
2024-08-07T07:03:34.274Z [info]: authentication - undefined: User performed authentication action: Session check passed
2024-08-07T07:03:34.558Z [info]: transaction - janina_bongon@dlsu.edu.ph: User performed transaction action: Fetched and displayed posts
2024-08-07T07:03:36.161Z [info]: transaction - janina_bongon@dlsu.edu.ph: User performed transaction action: Post status updated to Sold
2024-08-07T07:03:37.420Z [info]: transaction - janina_bongon@dlsu.edu.ph: User performed transaction action: Post status updated to Available
2024-08-07T07:03:38.374Z [info]: User logged out: janina_bongon@dlsu.edu.ph
2024-08-07T07:03:39.456Z [info]: authentication - janina_bongon@dlsu.edu.ph: User performed authentication action: User logged out successfully
2024-08-07T07:03:40.139Z [info]: authentication - janina_bongon@dlsu.edu.ph: User performed authentication action: Session timed out
2024-08-07T07:03:48.519Z [info]: HTTPS Server listening at https://localhost:3000
2024-08-07T07:03:48.530Z [info]: Connected to the database.
2024-08-07T07:03:54.532Z [info]: Renewed session from 7a9cf90850c660eba2376793a72d1c44 to cd7597b55d3e9da27a69270b77df204c
2024-08-07T07:03:54.537Z [info]: User logged in successfully: janina_bongon@dlsu.edu.ph
2024-08-07T07:03:55.435Z [info]: authentication - janina_bongon@dlsu.edu.ph: User performed authentication action: User logged in successfully
2024-08-07T07:03:55.591Z [info]: authentication - undefined: User performed authentication action: Session check passed
2024-08-07T07:03:55.641Z [info]: transaction - janina_bongon@dlsu.edu.ph: User performed transaction action: Fetched and displayed posts
2024-08-07T07:03:57.678Z [info]: transaction - janina_bongon@dlsu.edu.ph: User performed transaction action: Post status updated to Sold
2024-08-07T07:03:59.385Z [info]: transaction - janina_bongon@dlsu.edu.ph: User performed transaction action: Post status updated to Available
2024-08-07T07:04:01.480Z [info]: transaction - janina_bongon@dlsu.edu.ph: User performed transaction action: Post status updated to Sold
2024-08-07T07:04:02.312Z [info]: transaction - janina_bongon@dlsu.edu.ph: User performed transaction action: Post status updated to Available
2024-08-07T07:04:13.225Z [info]: authentication - undefined: User performed authentication action: Session check passed
2024-08-07T07:04:13.480Z [info]: transaction - janina_bongon@dlsu.edu.ph: User performed transaction action: Fetched and displayed posts
2024-08-07T07:04:15.217Z [info]: transaction - janina_bongon@dlsu.edu.ph: User performed transaction action: Post status updated to Sold
2024-08-07T07:04:15.998Z [info]: authentication - undefined: User performed authentication action: Session check passed
2024-08-07T07:04:16.281Z [info]: transaction - janina_bongon@dlsu.edu.ph: User performed transaction action: Fetched and displayed posts
2024-08-07T07:05:33.177Z [info]: HTTPS Server listening at https://localhost:3000
2024-08-07T07:05:33.189Z [info]: Connected to the database.
2024-08-07T07:05:40.549Z [info]: Renewed session from bf447196f06f4228da65b8176473e6f3 to ba1059c124b9f11cf5a0a2a6c480f90f
2024-08-07T07:05:40.553Z [info]: User logged in successfully: janina_bongon@dlsu.edu.ph
2024-08-07T07:05:41.359Z [info]: authentication - janina_bongon@dlsu.edu.ph: User performed authentication action: User logged in successfully
2024-08-07T07:05:41.495Z [info]: authentication - undefined: User performed authentication action: Session check passed
2024-08-07T07:05:41.628Z [info]: transaction - janina_bongon@dlsu.edu.ph: User performed transaction action: Fetched and displayed posts
2024-08-07T07:05:44.525Z [info]: transaction - janina_bongon@dlsu.edu.ph: User performed transaction action: Post status updated to Available
2024-08-07T07:05:51.239Z [info]: authentication - undefined: User performed authentication action: Session check passed
2024-08-07T07:05:51.522Z [info]: transaction - janina_bongon@dlsu.edu.ph: User performed transaction action: Fetched and displayed posts
2024-08-07T07:06:26.276Z [info]: User logged out: janina_bongon@dlsu.edu.ph
2024-08-07T07:06:26.280Z [info]: authentication - janina_bongon@dlsu.edu.ph: User performed authentication action: Session timed out
2024-08-07T07:06:26.292Z [info]: authentication - janina_bongon@dlsu.edu.ph: User performed authentication action: Session timed out
2024-08-07T07:09:18.830Z [info]: HTTPS Server listening at https://localhost:3000
2024-08-07T07:09:18.841Z [info]: Connected to the database.
2024-08-07T07:09:28.009Z [info]: Renewed session from 6db080cebeb5ee465c61bfafa20b8988 to e83b53f29da4356c079b1e8cf9894c79
2024-08-07T07:09:28.013Z [info]: User logged in successfully: janina_bongon@dlsu.edu.ph
2024-08-07T07:09:28.814Z [info]: authentication - janina_bongon@dlsu.edu.ph: User performed authentication action: User logged in successfully
2024-08-07T07:09:28.949Z [info]: authentication - undefined: User performed authentication action: Session check passed
2024-08-07T07:09:29.164Z [info]: transaction - janina_bongon@dlsu.edu.ph: User performed transaction action: Fetched and displayed posts
2024-08-07T07:09:31.054Z [info]: transaction - janina_bongon@dlsu.edu.ph: User performed transaction action: Post status updated to Sold
2024-08-07T07:09:31.951Z [info]: transaction - janina_bongon@dlsu.edu.ph: User performed transaction action: Post status updated to Available
2024-08-07T07:09:33.111Z [info]: transaction - janina_bongon@dlsu.edu.ph: User performed transaction action: Post status updated to Sold
2024-08-07T07:09:34.124Z [info]: transaction - janina_bongon@dlsu.edu.ph: User performed transaction action: Post status updated to Available
2024-08-07T07:09:37.157Z [info]: User logged out: janina_bongon@dlsu.edu.ph
2024-08-07T07:09:38.098Z [info]: authentication - janina_bongon@dlsu.edu.ph: User performed authentication action: User logged out successfully
2024-08-07T07:09:42.168Z [info]: Renewed session from 5511e3aaa5eee9501eebbe1d36432fdb to f58bf51f3b915e5b11f76ddc12e2fc76
2024-08-07T07:09:42.171Z [info]: User logged in successfully: janina.alexia@gmail.com
2024-08-07T07:09:42.937Z [info]: authentication - janina.alexia@gmail.com: User performed authentication action: User logged in successfully
2024-08-07T07:09:42.938Z [info]: admin - janina.alexia@gmail.com: Admin performed action: Admin logged in
2024-08-07T07:09:43.061Z [info]: authentication - undefined: User performed authentication action: Session check passed
2024-08-07T07:10:18.291Z [info]: User logged out: janina.alexia@gmail.com
2024-08-07T07:10:18.297Z [info]: authentication - janina.alexia@gmail.com: User performed authentication action: Session timed out
2024-08-07T07:11:04.218Z [info]: HTTPS Server listening at https://localhost:3000
2024-08-07T07:11:04.229Z [info]: Connected to the database.
2024-08-07T07:11:14.538Z [info]: Renewed session from 1ff64f6a6e8ffbbf623fae71d55170cf to dff7a4d4b17ca7ed2cce2bbb0937aa60
2024-08-07T07:11:14.543Z [info]: User logged in successfully: janina_bongon@dlsu.edu.ph
2024-08-07T07:11:15.404Z [info]: authentication - janina_bongon@dlsu.edu.ph: User performed authentication action: User logged in successfully
2024-08-07T07:11:15.525Z [info]: authentication - undefined: User performed authentication action: Session check passed
2024-08-07T07:11:15.565Z [info]: transaction - janina_bongon@dlsu.edu.ph: User performed transaction action: Fetched and displayed posts
2024-08-07T07:11:18.107Z [info]: transaction - janina_bongon@dlsu.edu.ph: User performed transaction action: Post status updated to Sold
2024-08-07T07:11:18.542Z [info]: authentication - undefined: User performed authentication action: Session check passed
2024-08-07T07:11:18.822Z [info]: transaction - janina_bongon@dlsu.edu.ph: User performed transaction action: Fetched and displayed posts
2024-08-07T07:11:20.014Z [info]: transaction - janina_bongon@dlsu.edu.ph: User performed transaction action: Post status updated to Available
2024-08-07T07:11:20.517Z [info]: authentication - undefined: User performed authentication action: Session check passed
2024-08-07T07:11:20.884Z [info]: transaction - janina_bongon@dlsu.edu.ph: User performed transaction action: Fetched and displayed posts
2024-08-07T07:12:01.279Z [info]: User logged out: janina_bongon@dlsu.edu.ph
2024-08-07T07:12:01.284Z [info]: authentication - janina_bongon@dlsu.edu.ph: User performed authentication action: Session timed out
2024-08-07T07:12:01.296Z [info]: authentication - janina_bongon@dlsu.edu.ph: User performed authentication action: Session timed out
2024-08-07T07:13:27.938Z [info]: HTTPS Server listening at https://localhost:3000
2024-08-07T07:13:27.949Z [info]: Connected to the database.
2024-08-07T07:13:34.260Z [info]: Renewed session from 6a2140a6f047de02d8dd1c4b4c3be092 to 76db46f4db80f11b3bc82cb7a7c52e9c
2024-08-07T07:13:34.265Z [info]: User logged in successfully: janina_bongon@dlsu.edu.ph
2024-08-07T07:13:35.059Z [info]: authentication - janina_bongon@dlsu.edu.ph: User performed authentication action: User logged in successfully
2024-08-07T07:13:35.263Z [info]: authentication - undefined: User performed authentication action: Session check passed
2024-08-07T07:13:35.509Z [info]: transaction - janina_bongon@dlsu.edu.ph: User performed transaction action: Fetched and displayed posts
2024-08-07T07:13:37.014Z [info]: transaction - janina_bongon@dlsu.edu.ph: User performed transaction action: Post status updated to Sold
2024-08-07T07:13:37.779Z [info]: authentication - undefined: User performed authentication action: Session check passed
2024-08-07T07:13:38.042Z [info]: transaction - janina_bongon@dlsu.edu.ph: User performed transaction action: Fetched and displayed posts
2024-08-07T07:13:38.986Z [info]: transaction - janina_bongon@dlsu.edu.ph: User performed transaction action: Post status updated to Available
2024-08-07T07:13:39.704Z [info]: authentication - undefined: User performed authentication action: Session check passed
2024-08-07T07:13:39.960Z [info]: transaction - janina_bongon@dlsu.edu.ph: User performed transaction action: Fetched and displayed posts
2024-08-07T07:13:41.335Z [info]: transaction - janina_bongon@dlsu.edu.ph: User performed transaction action: Post status updated to Sold
2024-08-07T07:13:42.385Z [info]: authentication - undefined: User performed authentication action: Session check passed
2024-08-07T07:13:42.715Z [info]: transaction - janina_bongon@dlsu.edu.ph: User performed transaction action: Fetched and displayed posts
2024-08-07T07:13:47.513Z [info]: User logged out: janina_bongon@dlsu.edu.ph
2024-08-07T07:13:48.594Z [info]: authentication - janina_bongon@dlsu.edu.ph: User performed authentication action: User logged out successfully
2024-08-07T07:13:52.114Z [info]: Renewed session from 589e758d0c03907c4fc39ca03ba5cfc9 to d99f6b7312f2279ded59fc1c7891dcd6
2024-08-07T07:13:52.118Z [info]: User logged in successfully: janina.alexia@gmail.com
2024-08-07T07:13:53.626Z [info]: authentication - janina.alexia@gmail.com: User performed authentication action: User logged in successfully
2024-08-07T07:13:53.627Z [info]: admin - janina.alexia@gmail.com: Admin performed action: Admin logged in
2024-08-07T07:13:53.764Z [info]: authentication - undefined: User performed authentication action: Session check passed
2024-08-07T07:14:59.296Z [info]: HTTPS Server listening at https://localhost:3000
2024-08-07T07:14:59.312Z [info]: Connected to the database.
2024-08-07T07:15:03.254Z [info]: authentication - janina.alexia@gmail.com: User performed authentication action: Session timed out
2024-08-07T07:15:10.855Z [info]: Renewed session from 709231761a1e598f19cd1ae371b8fef3 to f6cc0bf8f144f62f4cad7382ed3e06ac
2024-08-07T07:15:10.860Z [info]: User logged in successfully: janina_bongon@dlsu.edu.ph
2024-08-07T07:15:11.592Z [info]: authentication - janina_bongon@dlsu.edu.ph: User performed authentication action: User logged in successfully
2024-08-07T07:15:11.750Z [info]: authentication - undefined: User performed authentication action: Session check passed
2024-08-07T07:15:11.792Z [info]: transaction - janina_bongon@dlsu.edu.ph: User performed transaction action: Fetched and displayed posts
2024-08-07T07:15:13.428Z [info]: transaction - janina_bongon@dlsu.edu.ph: User performed transaction action: Post status updated to Available
2024-08-07T07:15:16.031Z [info]: transaction - janina_bongon@dlsu.edu.ph: User performed transaction action: Post status updated to Sold
2024-08-07T09:04:27.293Z [info]: HTTPS Server listening at https://localhost:3000
2024-08-07T09:04:27.377Z [info]: Connected to the database.
2024-08-07T09:05:36.203Z [info]: HTTPS Server listening at https://localhost:3000
2024-08-07T09:05:36.251Z [info]: Connected to the database.
2024-08-07T09:07:26.371Z [info]: HTTPS Server listening at https://localhost:3000
2024-08-07T09:07:26.384Z [info]: Connected to the database.
2024-08-07T09:07:49.404Z [info]: Renewed session from ef3f81d04d2102c83c634c13a12ac492 to 21cfa9eb7d84eb8f8c5b34b678682220
2024-08-07T09:07:49.437Z [info]: User logged in successfully: chanel@gmail.com
2024-08-07T09:07:51.160Z [info]: authentication - chanel@gmail.com: User performed authentication action: User logged in successfully
2024-08-07T09:07:51.298Z [info]: authentication - undefined: User performed authentication action: Session check passed
2024-08-07T09:07:51.313Z [info]: transaction - chanel@gmail.com: User performed transaction action: Fetched and displayed posts
2024-08-07T09:13:06.001Z [info]: HTTPS Server listening at https://localhost:3000
2024-08-07T09:13:06.014Z [info]: Connected to the database.
2024-08-07T09:17:41.436Z [info]: HTTPS Server listening at https://localhost:3000
2024-08-07T09:17:41.446Z [info]: Connected to the database.
2024-08-07T09:19:43.861Z [info]: HTTPS Server listening at https://localhost:3000
2024-08-07T09:19:43.873Z [info]: Connected to the database.
2024-08-07T09:22:16.700Z [info]: HTTPS Server listening at https://localhost:3000
2024-08-07T09:22:16.721Z [info]: Connected to the database.
2024-08-07T09:40:28.033Z [info]: HTTPS Server listening at https://localhost:3000
2024-08-07T09:40:28.049Z [info]: Connected to the database.
2024-08-07T09:41:21.006Z [info]: HTTPS Server listening at https://localhost:3000
2024-08-07T09:41:21.015Z [info]: Connected to the database.
2024-08-07T09:45:59.328Z [info]: HTTPS Server listening at https://localhost:3000
2024-08-07T09:45:59.341Z [info]: Connected to the database.
2024-08-07T09:46:37.727Z [info]: HTTPS Server listening at https://localhost:3000
2024-08-07T09:46:37.740Z [info]: Connected to the database.
2024-08-07T09:47:05.854Z [info]: Renewed session from a96ac237b83e305c22e573af50668b08 to a478045428211ed53ccccae2ec6b37bb
2024-08-07T09:47:05.863Z [info]: User logged in successfully: chanel@gmail.com
2024-08-07T09:47:07.750Z [info]: authentication - undefined: User performed authentication action: Session check passed
2024-08-07T09:47:07.794Z [info]: transaction - chanel@gmail.com: User performed transaction action: Fetched and displayed posts
2024-08-07T09:47:13.234Z [info]: User logged out: chanel@gmail.com
2024-08-07T09:50:29.503Z [info]: HTTPS Server listening at https://localhost:3000
2024-08-07T09:50:29.514Z [info]: Connected to the database.
2024-08-07T09:50:41.652Z [info]: Renewed session from ac269c8690864a647d5fa6acd60b9008 to 9497a7c1905ef98d385c1ab6bb08a2d9
2024-08-07T09:50:41.659Z [info]: User logged in successfully: chanel@gmail.com
2024-08-07T09:50:43.026Z [info]: authentication - undefined: User performed authentication action: Session check passed
2024-08-07T09:50:43.093Z [info]: transaction - chanel@gmail.com: User performed transaction action: Fetched and displayed posts
2024-08-07T09:50:49.512Z [info]: User logged out: chanel@gmail.com
